PRT1
27
49
4 0 9 (0 -1024 64 ) (0 -1024 192 ) (0 -704 192 ) (0 -704 64 ) 
4 0 6 (640 -1024 192 ) (0 -1024 192 ) (0 -1024 64 ) (640 -1024 64 ) 
4 1 3 (1032 -1072 192 ) (1032 -1072 -448 ) (1032 -1232 -448 ) (1032 -1232 192 ) 
4 2 3 (1032 -1096 192 ) (1032 -1208 192 ) (1024 -1208 192 ) (1024 -1096 192 ) 
4 3 7 (1024 -1232 -448 ) (1024 -1232 48 ) (1024 -1072 48 ) (1024 -1072 -448 ) 
4 3 5 (1024 -1232 64 ) (1024 -1232 192 ) (1024 -1072 192 ) (1024 -1072 64 ) 
4 4 14 (0 -1024 224 ) (0 -1024 192 ) (0 -1280 192 ) (0 -1280 224 ) 
4 4 6 (0 -1280 192 ) (0 -1024 192 ) (96 -1024 192 ) (96 -1280 192 ) 
4 5 6 (640 -1024 64 ) (640 -1280 64 ) (640 -1280 192 ) (640 -1024 192 ) 
4 6 22 (0 -1600 192 ) (0 -1216 192 ) (0 -1216 64 ) (0 -1600 64 ) 
4 6 20 (0 -1216 192 ) (0 -1088 192 ) (0 -1088 64 ) (0 -1216 64 ) 
4 6 19 (0 -1088 192 ) (0 -1024 192 ) (0 -1024 64 ) (0 -1088 64 ) 
4 8 12 (-592 -1024 608 ) (-832 -1024 608 ) (-832 -1024 224 ) (-592 -1024 224 ) 
4 8 10 (-832 -1024 224 ) (-832 -1024 608 ) (-832 -704 608 ) (-832 -704 224 ) 
4 9 19 (0 -1024 64 ) (0 -1024 192 ) (-800 -1024 192 ) (-800 -1024 64 ) 
4 10 23 (-1024 -1024 192 ) (-1024 -1024 64 ) (-832 -1024 64 ) (-832 -1024 192 ) 
4 10 16 (-1024 -1024 224 ) (-1024 -1024 192 ) (-832 -1024 192 ) (-832 -1024 224 ) 
4 10 13 (-832 -1024 608 ) (-1024 -1024 608 ) (-1024 -1024 224 ) (-832 -1024 224 ) 
4 10 11 (-1024 -1024 64 ) (-1024 -1024 608 ) (-1024 -64 608 ) (-1024 -64 64 ) 
4 11 24 (-1024 -1024 64 ) (-1024 -1024 608 ) (-1600 -1024 608 ) (-1600 -1024 64 ) 
4 12 15 (-704 -1024 224 ) (-608 -1024 224 ) (-608 -1280 224 ) (-704 -1280 224 ) 
4 12 13 (-832 -1024 224 ) (-832 -1600 224 ) (-832 -1600 608 ) (-832 -1024 608 ) 
4 13 24 (-1024 -1600 608 ) (-1024 -1024 608 ) (-1024 -1024 224 ) (-1024 -1600 224 ) 
4 13 18 (-832 -1600 608 ) (-1024 -1600 608 ) (-1024 -1600 224 ) (-832 -1600 224 ) 
4 13 17 (-832 -1600 224 ) (-1024 -1600 224 ) (-1024 -1280 224 ) (-832 -1280 224 ) 
4 13 16 (-1024 -1280 224 ) (-1024 -1024 224 ) (-832 -1024 224 ) (-832 -1280 224 ) 
4 14 22 (0 -1216 192 ) (0 -1280 192 ) (-96 -1280 192 ) (-96 -1216 192 ) 
4 14 20 (0 -1088 192 ) (0 -1216 192 ) (-96 -1216 192 ) (-96 -1088 192 ) 
4 14 19 (-96 -1024 192 ) (0 -1024 192 ) (0 -1088 192 ) (-96 -1088 192 ) 
4 15 22 (-608 -1216 192 ) (-608 -1280 192 ) (-704 -1280 192 ) (-704 -1216 192 ) 
4 15 20 (-608 -1088 192 ) (-608 -1216 192 ) (-704 -1216 192 ) (-704 -1088 192 ) 
4 15 19 (-704 -1024 192 ) (-608 -1024 192 ) (-608 -1088 192 ) (-704 -1088 192 ) 
4 16 24 (-1024 -1024 224 ) (-1024 -1024 192 ) (-1024 -1280 192 ) (-1024 -1280 224 ) 
4 16 23 (-1024 -1280 192 ) (-1024 -1024 192 ) (-832 -1024 192 ) (-832 -1280 192 ) 
4 16 17 (-1024 -1280 192 ) (-832 -1280 192 ) (-832 -1280 224 ) (-1024 -1280 224 ) 
4 17 24 (-1024 -1280 192 ) (-1024 -1600 192 ) (-1024 -1600 224 ) (-1024 -1280 224 ) 
4 17 23 (-1024 -1600 192 ) (-1024 -1280 192 ) (-832 -1280 192 ) (-832 -1600 192 ) 
4 17 18 (-1024 -1600 192 ) (-832 -1600 192 ) (-832 -1600 224 ) (-1024 -1600 224 ) 
4 18 25 (-832 -2048 608 ) (-1024 -2048 608 ) (-1024 -2048 192 ) (-832 -2048 192 ) 
4 18 24 (-1024 -2048 192 ) (-1024 -2048 608 ) (-1024 -1600 608 ) (-1024 -1600 192 ) 
4 18 23 (-832 -2048 192 ) (-1024 -2048 192 ) (-1024 -1600 192 ) (-832 -1600 192 ) 
4 19 20 (-800 -1088 64 ) (0 -1088 64 ) (0 -1088 192 ) (-800 -1088 192 ) 
4 20 22 (-800 -1216 64 ) (0 -1216 64 ) (0 -1216 192 ) (-800 -1216 192 ) 
4 20 21 (-800 -1088 176 ) (-800 -1088 64 ) (-800 -1216 64 ) (-800 -1216 176 ) 
4 21 23 (-832 -1088 64 ) (-832 -1216 64 ) (-832 -1216 176 ) (-832 -1088 176 ) 
4 23 25 (-832 -2048 192 ) (-1024 -2048 192 ) (-1024 -2048 64 ) (-832 -2048 64 ) 
4 23 24 (-1024 -2048 64 ) (-1024 -2048 192 ) (-1024 -1024 192 ) (-1024 -1024 64 ) 
4 24 26 (-1024 -2048 64 ) (-1024 -2048 608 ) (-1600 -2048 608 ) (-1600 -2048 64 ) 
4 25 26 (-1024 -2048 608 ) (-1024 -2048 64 ) (-1024 -2176 64 ) (-1024 -2176 608 ) 
